<?xml version="1.0" encoding="UTF-8"?>
<!-- Generated by org.testng.reporters.JUnitReportReporter -->
<testsuite hostname="LAPTOP-HE3IJ9BH" failures="0" tests="1" name="Learning.java.MapLnTest" time="0.007" errors="0" timestamp="2023-02-28T12:56:56 IST" skipped="0">
  <testcase classname="Learning.java.MapLnTest" name="TreeMapLearning" time="0.007"/>
  <system-out/>
</testsuite> <!-- Learning.java.MapLnTest -->
