<?xml version="1.0" encoding="UTF-8"?>
<!-- Generated by org.testng.reporters.JUnitReportReporter -->
<testsuite hostname="LAPTOP-HE3IJ9BH" failures="0" tests="1" name="Learning.java.ArrayListExample" time="0.007" errors="0" timestamp="2023-01-04T14:35:14 IST" skipped="0">
  <testcase classname="Learning.java.ArrayListExample" name="arrayListExample" time="0.007"/>
  <system-out/>
</testsuite> <!-- Learning.java.ArrayListExample -->
