<?xml version="1.0" encoding="UTF-8"?>
<!-- Generated by org.testng.reporters.JUnitReportReporter -->
<testsuite hostname="LAPTOP-HE3IJ9BH" failures="0" tests="1" name="Learning.java.ExceptionLearning" time="0.009" errors="0" timestamp="2023-01-05T18:12:44 IST" skipped="0">
  <testcase classname="Learning.java.ExceptionLearning" name="arithmeticExceptionlearning" time="0.009"/>
  <system-out/>
</testsuite> <!-- Learning.java.ExceptionLearning -->
