<?xml version="1.0" encoding="UTF-8"?>
<!-- Generated by org.testng.reporters.JUnitReportReporter -->
<testsuite hostname="LAPTOP-HE3IJ9BH" failures="0" tests="1" name="Learning.java.AArrayListLearning" time="0.011" errors="0" timestamp="2023-02-28T08:59:33 IST" skipped="0">
  <testcase classname="Learning.java.AArrayListLearning" name="arraylistlearning" time="0.011"/>
  <system-out/>
</testsuite> <!-- Learning.java.AArrayListLearning -->
