<?xml version="1.0" encoding="UTF-8"?>
<!-- Generated by org.testng.reporters.JUnitReportReporter -->
<testsuite hostname="LAPTOP-HE3IJ9BH" failures="0" tests="1" name="Learning.java.EvenOrOddNumberCK" time="7.845" errors="0" timestamp="2022-12-20T18:43:54 IST" skipped="0">
  <testcase classname="Learning.java.EvenOrOddNumberCK" name="StringMainip" time="7.845"/>
  <system-out/>
</testsuite> <!-- Learning.java.EvenOrOddNumberCK -->
