<?xml version="1.0" encoding="UTF-8"?>
<!-- Generated by org.testng.reporters.JUnitReportReporter -->
<testsuite hostname="LAPTOP-HE3IJ9BH" failures="0" tests="3" name="Learning.java.MapLearning" time="0.012" errors="0" timestamp="2022-12-21T12:48:59 IST" skipped="0">
  <testcase classname="Learning.java.MapLearning" name="hashMapLearning" time="0.002"/>
  <system-out/>
  <testcase classname="Learning.java.MapLearning" name="LinkedHashMapLearning" time="0.009"/>
  <system-out/>
  <testcase classname="Learning.java.MapLearning" name="TreeMapLearning" time="0.001"/>
  <system-out/>
</testsuite> <!-- Learning.java.MapLearning -->
