<?xml version="1.0" encoding="UTF-8"?>
<!-- Generated by org.testng.reporters.JUnitReportReporter -->
<testsuite hostname="LAPTOP-HE3IJ9BH" failures="0" tests="1" name="Learning.java.WrapperClsLn" time="0.008" errors="0" timestamp="2023-03-01T15:31:45 IST" skipped="0">
  <testcase classname="Learning.java.WrapperClsLn" name="wrapper" time="0.008"/>
  <system-out/>
</testsuite> <!-- Learning.java.WrapperClsLn -->
